-------------------------------------------------------------------------------
Test set: HelikopterControllerTest
-------------------------------------------------------------------------------
Tests run: 1, Failures: 0, Errors: 1, Skipped: 0, Time elapsed: 0.172 s <<< FAILURE! - in HelikopterControllerTest
HelikopterControllerTest  Time elapsed: 0.17 s  <<< ERROR!
java.lang.IllegalStateException: Unable to find a @SpringBootConfiguration, you need to use @ContextConfiguration or @SpringBootTest(classes=...) with your test

